Determining if the pthread_create exist failed with the following output:
Change Dir: /home/bso/monitor_prod/cmake-build-debug/CMakeFiles/CMakeTmp

Run Build Command:"/usr/bin/make" "cmTC_602c5/fast"
/usr/bin/make -f CMakeFiles/cmTC_602c5.dir/build.make CMakeFiles/cmTC_602c5.dir/build
make[1]: вход в каталог «/home/bso/monitor_prod/cmake-build-debug/CMakeFiles/CMakeTmp»
Building C object CMakeFiles/cmTC_602c5.dir/CheckSymbolExists.c.o
/usr/bin/cc     -o CMakeFiles/cmTC_602c5.dir/CheckSymbolExists.c.o   -c /home/bso/monitor_prod/cmake-build-debug/CMakeFiles/CMakeTmp/CheckSymbolExists.c
Linking C executable cmTC_602c5
/usr/bin/cmake -E cmake_link_script CMakeFiles/cmTC_602c5.dir/link.txt --verbose=1
/usr/bin/cc       CMakeFiles/cmTC_602c5.dir/CheckSymbolExists.c.o  -o cmTC_602c5 
CMakeFiles/cmTC_602c5.dir/CheckSymbolExists.c.o: In function `main':
CheckSymbolExists.c:(.text+0x16): undefined reference to `pthread_create'
collect2: error: ld returned 1 exit status
CMakeFiles/cmTC_602c5.dir/build.make:97: ошибка выполнения рецепта для цели «cmTC_602c5»
make[1]: *** [cmTC_602c5] Ошибка 1
make[1]: выход из каталога «/home/bso/monitor_prod/cmake-build-debug/CMakeFiles/CMakeTmp»
Makefile:126: ошибка выполнения рецепта для цели «cmTC_602c5/fast»
make: *** [cmTC_602c5/fast] Ошибка 2

File /home/bso/monitor_prod/cmake-build-debug/CMakeFiles/CMakeTmp/CheckSymbolExists.c:
/* */
#include <pthread.h>

int main(int argc, char** argv)
{
  (void)argv;
#ifndef pthread_create
  return ((int*)(&pthread_create))[argc];
#else
  (void)argc;
  return 0;
#endif
}

Determining if the function pthread_create exists in the pthreads failed with the following output:
Change Dir: /home/bso/monitor_prod/cmake-build-debug/CMakeFiles/CMakeTmp

Run Build Command:"/usr/bin/make" "cmTC_63b74/fast"
/usr/bin/make -f CMakeFiles/cmTC_63b74.dir/build.make CMakeFiles/cmTC_63b74.dir/build
make[1]: вход в каталог «/home/bso/monitor_prod/cmake-build-debug/CMakeFiles/CMakeTmp»
Building C object CMakeFiles/cmTC_63b74.dir/CheckFunctionExists.c.o
/usr/bin/cc    -DCHECK_FUNCTION_EXISTS=pthread_create   -o CMakeFiles/cmTC_63b74.dir/CheckFunctionExists.c.o   -c /usr/share/cmake-3.5/Modules/CheckFunctionExists.c
Linking C executable cmTC_63b74
/usr/bin/cmake -E cmake_link_script CMakeFiles/cmTC_63b74.dir/link.txt --verbose=1
/usr/bin/cc   -DCHECK_FUNCTION_EXISTS=pthread_create    CMakeFiles/cmTC_63b74.dir/CheckFunctionExists.c.o  -o cmTC_63b74 -lpthreads 
/usr/bin/ld: cannot find -lpthreads
collect2: error: ld returned 1 exit status
CMakeFiles/cmTC_63b74.dir/build.make:97: ошибка выполнения рецепта для цели «cmTC_63b74»
make[1]: *** [cmTC_63b74] Ошибка 1
make[1]: выход из каталога «/home/bso/monitor_prod/cmake-build-debug/CMakeFiles/CMakeTmp»
Makefile:126: ошибка выполнения рецепта для цели «cmTC_63b74/fast»
make: *** [cmTC_63b74/fast] Ошибка 2


